# JRE version: Java(TM) SE Runtime Environment (8.0_25-b17) (build 1.8.0_25-b17)
# Java VM: Java HotSpot(TM) 64-Bit Server VM (25.25-b02 mixed mode bsd-amd64 compressed oops)
Heap:
 PSYoungGen      total 268288K, used 263945K [0x00000007aab00000, 0x00000007c0000000, 0x00000007c0000000)
  eden space 201728K, 100% used [0x00000007aab00000,0x00000007b7000000,0x00000007b7000000)
  from space 66560K, 93% used [0x00000007bbf00000,0x00000007bfbc2778,0x00000007c0000000)
  to   space 73728K, 34% used [0x00000007b7000000,0x00000007b888d5a0,0x00000007bb800000)
 ParOldGen       total 699392K, used 169062K [0x0000000780000000, 0x00000007aab00000, 0x00000007aab00000)
  object space 699392K, 24% used [0x0000000780000000,0x000000078a519918,0x00000007aab00000)
 Metaspace       used 195753K, capacity 205906K, committed 206080K, reserved 1224704K
  class space    used 27257K, capacity 31207K, committed 31232K, reserved 1048576K
GC Heap History (10 events):
Event: 10134.845 GC heap after
Heap after GC invocations=69 (full 17):
 PSYoungGen      total 289280K, used 23876K [0x00000007aab00000, 0x00000007c0000000, 0x00000007c0000000)
  eden space 227840K, 0% used [0x00000007aab00000,0x00000007aab00000,0x00000007b8980000)
  from space 61440K, 38% used [0x00000007bc400000,0x00000007bdb510e8,0x00000007c0000000)
  to   space 59904K, 0% used [0x00000007b8980000,0x00000007b8980000,0x00000007bc400000)
 ParOldGen       total 234496K, used 169054K [0x0000000780000000, 0x000000078e500000, 0x00000007aab00000)
  object space 234496K, 72% used [0x0000000780000000,0x000000078a517918,0x000000078e500000)
 Metaspace       used 171547K, capacity 179642K, committed 180480K, reserved 1202176K
  class space    used 23664K, capacity 26734K, committed 27136K, reserved 1048576K
}
Event: 10162.244 GC heap before
{Heap before GC invocations=70 (full 17):
 PSYoungGen      total 289280K, used 251716K [0x00000007aab00000, 0x00000007c0000000, 0x00000007c0000000)
  eden space 227840K, 100% used [0x00000007aab00000,0x00000007b8980000,0x00000007b8980000)
  from space 61440K, 38% used [0x00000007bc400000,0x00000007bdb510e8,0x00000007c0000000)
  to   space 59904K, 0% used [0x00000007b8980000,0x00000007b8980000,0x00000007bc400000)
 ParOldGen       total 234496K, used 169054K [0x0000000780000000, 0x000000078e500000, 0x00000007aab00000)
  object space 234496K, 72% used [0x0000000780000000,0x000000078a517918,0x000000078e500000)
 Metaspace       used 174583K, capacity 183226K, committed 183936K, reserved 1206272K
  class space    used 24088K, capacity 27392K, committed 27776K, reserved 1048576K
Event: 10162.273 GC heap after
Heap after GC invocations=70 (full 17):
 PSYoungGen      total 253440K, used 25274K [0x00000007aab00000, 0x00000007bfa80000, 0x00000007c0000000)
  eden space 227840K, 0% used [0x00000007aab00000,0x00000007aab00000,0x00000007b8980000)
  from space 25600K, 98% used [0x00000007b8980000,0x00000007ba22e930,0x00000007ba280000)
  to   space 57856K, 0% used [0x00000007bc200000,0x00000007bc200000,0x00000007bfa80000)
 ParOldGen       total 234496K, used 169062K [0x0000000780000000, 0x000000078e500000, 0x00000007aab00000)
  object space 234496K, 72% used [0x0000000780000000,0x000000078a519918,0x000000078e500000)
 Metaspace       used 174583K, capacity 183226K, committed 183936K, reserved 1206272K
  class space    used 24088K, capacity 27392K, committed 27776K, reserved 1048576K
}
Event: 10164.102 GC heap before
{Heap before GC invocations=71 (full 17):
 PSYoungGen      total 253440K, used 253114K [0x00000007aab00000, 0x00000007bfa80000, 0x00000007c0000000)
  eden space 227840K, 100% used [0x00000007aab00000,0x00000007b8980000,0x00000007b8980000)
  from space 25600K, 98% used [0x00000007b8980000,0x00000007ba22e930,0x00000007ba280000)
  to   space 57856K, 0% used [0x00000007bc200000,0x00000007bc200000,0x00000007bfa80000)
 ParOldGen       total 234496K, used 169062K [0x0000000780000000, 0x000000078e500000, 0x00000007aab00000)
  object space 234496K, 72% used [0x0000000780000000,0x000000078a519918,0x000000078e500000)
 Metaspace       used 180166K, capacity 189058K, committed 189696K, reserved 1210368K
  class space    used 24940K, capacity 28335K, committed 28672K, reserved 1048576K
Event: 10164.150 GC heap after
Heap after GC invocations=71 (full 17):
 PSYoungGen      total 281600K, used 49145K [0x00000007aab00000, 0x00000007c0000000, 0x00000007c0000000)
  eden space 223744K, 0% used [0x00000007aab00000,0x00000007aab00000,0x00000007b8580000)
  from space 57856K, 84% used [0x00000007bc200000,0x00000007bf1fe550,0x00000007bfa80000)
  to   space 61952K, 0% used [0x00000007b8580000,0x00000007b8580000,0x00000007bc200000)
 ParOldGen       total 234496K, used 169062K [0x0000000780000000, 0x000000078e500000, 0x00000007aab00000)
  object space 234496K, 72% used [0x0000000780000000,0x000000078a519918,0x000000078e500000)
 Metaspace       used 180166K, capacity 189058K, committed 189696K, reserved 1210368K
  class space    used 24940K, capacity 28335K, committed 28672K, reserved 1048576K
}
Event: 10209.322 GC heap before
{Heap before GC invocations=72 (full 17):
 PSYoungGen      total 281600K, used 272889K [0x00000007aab00000, 0x00000007c0000000, 0x00000007c0000000)
  eden space 223744K, 100% used [0x00000007aab00000,0x00000007b8580000,0x00000007b8580000)
  from space 57856K, 84% used [0x00000007bc200000,0x00000007bf1fe550,0x00000007bfa80000)
  to   space 61952K, 0% used [0x00000007b8580000,0x00000007b8580000,0x00000007bc200000)
 ParOldGen       total 234496K, used 169062K [0x0000000780000000, 0x000000078e500000, 0x00000007aab00000)
  object space 234496K, 72% used [0x0000000780000000,0x000000078a519918,0x000000078e500000)
 Metaspace       used 186761K, capacity 196272K, committed 196736K, reserved 1216512K
  class space    used 25914K, capacity 29576K, committed 29824K, reserved 1048576K
Event: 10209.565 GC heap after
Heap after GC invocations=72 (full 17):
 PSYoungGen      total 276992K, used 53036K [0x00000007aab00000, 0x00000007c0000000, 0x00000007c0000000)
  eden space 223744K, 0% used [0x00000007aab00000,0x00000007aab00000,0x00000007b8580000)
  from space 53248K, 99% used [0x00000007b8580000,0x00000007bb94b090,0x00000007bb980000)
  to   space 66560K, 0% used [0x00000007bbf00000,0x00000007bbf00000,0x00000007c0000000)
 ParOldGen       total 234496K, used 169062K [0x0000000780000000, 0x000000078e500000, 0x00000007aab00000)
  object space 234496K, 72% used [0x0000000780000000,0x000000078a519918,0x000000078e500000)
 Metaspace       used 186761K, capacity 196272K, committed 196736K, reserved 1216512K
  class space    used 25914K, capacity 29576K, committed 29824K, reserved 1048576K
}
Event: 10211.253 GC heap before
{Heap before GC invocations=73 (full 17):
 PSYoungGen      total 276992K, used 276780K [0x00000007aab00000, 0x00000007c0000000, 0x00000007c0000000)
  eden space 223744K, 100% used [0x00000007aab00000,0x00000007b8580000,0x00000007b8580000)
  from space 53248K, 99% used [0x00000007b8580000,0x00000007bb94b090,0x00000007bb980000)
  to   space 66560K, 0% used [0x00000007bbf00000,0x00000007bbf00000,0x00000007c0000000)
 ParOldGen       total 234496K, used 169062K [0x0000000780000000, 0x000000078e500000, 0x00000007aab00000)
  object space 234496K, 72% used [0x0000000780000000,0x000000078a519918,0x000000078e500000)
 Metaspace       used 188811K, capacity 198422K, committed 198784K, reserved 1218560K
  class space    used 26229K, capacity 29946K, committed 30080K, reserved 1048576K
Event: 10211.370 GC heap after
Heap after GC invocations=73 (full 17):
 PSYoungGen      total 268288K, used 62217K [0x00000007aab00000, 0x00000007c0000000, 0x00000007c0000000)
  eden space 201728K, 0% used [0x00000007aab00000,0x00000007aab00000,0x00000007b7000000)
  from space 66560K, 93% used [0x00000007bbf00000,0x00000007bfbc2778,0x00000007c0000000)
  to   space 73728K, 0% used [0x00000007b7000000,0x00000007b7000000,0x00000007bb800000)
 ParOldGen       total 234496K, used 169062K [0x0000000780000000, 0x000000078e500000, 0x00000007aab00000)
  object space 234496K, 72% used [0x0000000780000000,0x000000078a519918,0x000000078e500000)
 Metaspace       used 188811K, capacity 198422K, committed 198784K, reserved 1218560K
  class space    used 26229K, capacity 29946K, committed 30080K, reserved 1048576K
}
Event: 10256.861 GC heap before
{Heap before GC invocations=74 (full 17):
 PSYoungGen      total 268288K, used 263945K [0x00000007aab00000, 0x00000007c0000000, 0x00000007c0000000)
  eden space 201728K, 100% used [0x00000007aab00000,0x00000007b7000000,0x00000007b7000000)
  from space 66560K, 93% used [0x00000007bbf00000,0x00000007bfbc2778,0x00000007c0000000)
  to   space 73728K, 0% used [0x00000007b7000000,0x00000007b7000000,0x00000007bb800000)
 ParOldGen       total 234496K, used 169062K [0x0000000780000000, 0x000000078e500000, 0x00000007aab00000)
  object space 234496K, 72% used [0x0000000780000000,0x000000078a519918,0x000000078e500000)
 Metaspace       used 195753K, capacity 205906K, committed 206080K, reserved 1224704K
  class space    used 27257K, capacity 31207K, committed 31232K, reserved 1048576K

